

Version:	3.12
CmdLine:	C:\Users\mecha\Documents\GitHub\Invited-Meeting-Scheduler\application\InvitedMeetingScheduler.exe --l4j-debug
WOW64:		yes
Working dir:	C:\Users\mecha\Documents\GitHub\Invited-Meeting-Scheduler\application\.
Java min ver:	1.008.000
Java max ver:	
64-bit search:	SOFTWARE\JavaSoft\Java Runtime Environment...
Check:		SOFTWARE\JavaSoft\Java Runtime Environment\1.8
Check launcher:	C:\Program Files\Java\jre1.8.0_251\bin\javaw.exe (OK)
Match:		1.008.000
Check:		SOFTWARE\JavaSoft\Java Runtime Environment\1.8.0_251
Check launcher:	C:\Program Files\Java\jre1.8.0_251\bin\javaw.exe (OK)
Match:		1.008.000_251
64-bit search:	SOFTWARE\JavaSoft\Java Development Kit...
Check:		SOFTWARE\JavaSoft\Java Development Kit\1.8
Ignore:		1.008.000
Check:		SOFTWARE\JavaSoft\Java Development Kit\1.8.0_241
Ignore:		1.008.000_241
Check:		SOFTWARE\JavaSoft\Java Development Kit\1.8.0_251
Ignore:		1.008.000_251
64-bit search:	SOFTWARE\JavaSoft\JRE...
64-bit search:	SOFTWARE\JavaSoft\JDK...
Check:		SOFTWARE\JavaSoft\JDK\11.0.6
Check launcher:	C:\Program Files\Java\jdk-11.0.6\bin\javaw.exe (OK)
Match:		1.011.000_006
Check:		SOFTWARE\JavaSoft\JDK\14
Check launcher:	C:\Program Files\Java\jdk-14\bin\javaw.exe (OK)
Match:		1.014.000
Runtime used:	1.014.000 (64-bit)
Launcher:	C:\Program Files\Java\jdk-14\bin\javaw.exe
Launcher args:	-jar "C:\Users\mecha\Documents\GitHub\Invited-Meeting-Scheduler\application\InvitedMeetingScheduler.exe"
Args length:	104/32768 chars
Exit code:	0


Version:	3.12
CmdLine:	C:\Users\mecha\Documents\GitHub\Invited-Meeting-Scheduler\application\InvitedMeetingScheduler.exe --l4j-debug
WOW64:		yes
Working dir:	C:\Users\mecha\Documents\GitHub\Invited-Meeting-Scheduler\application\.
Java min ver:	1.008.000
Java max ver:	
64-bit search:	SOFTWARE\JavaSoft\Java Runtime Environment...
Check:		SOFTWARE\JavaSoft\Java Runtime Environment\1.8
Check launcher:	C:\Program Files\Java\jre1.8.0_251\bin\javaw.exe (OK)
Match:		1.008.000
Check:		SOFTWARE\JavaSoft\Java Runtime Environment\1.8.0_251
Check launcher:	C:\Program Files\Java\jre1.8.0_251\bin\javaw.exe (OK)
Match:		1.008.000_251
64-bit search:	SOFTWARE\JavaSoft\Java Development Kit...
Check:		SOFTWARE\JavaSoft\Java Development Kit\1.8
Ignore:		1.008.000
Check:		SOFTWARE\JavaSoft\Java Development Kit\1.8.0_241
Ignore:		1.008.000_241
Check:		SOFTWARE\JavaSoft\Java Development Kit\1.8.0_251
Ignore:		1.008.000_251
64-bit search:	SOFTWARE\JavaSoft\JRE...
64-bit search:	SOFTWARE\JavaSoft\JDK...
Check:		SOFTWARE\JavaSoft\JDK\11.0.6
Check launcher:	C:\Program Files\Java\jdk-11.0.6\bin\javaw.exe (OK)
Match:		1.011.000_006
Check:		SOFTWARE\JavaSoft\JDK\14
Check launcher:	C:\Program Files\Java\jdk-14\bin\javaw.exe (OK)
Match:		1.014.000
Runtime used:	1.014.000 (64-bit)
Launcher:	C:\Program Files\Java\jdk-14\bin\javaw.exe
Launcher args:	-jar "C:\Users\mecha\Documents\GitHub\Invited-Meeting-Scheduler\application\InvitedMeetingScheduler.exe"
Args length:	104/32768 chars
Exit code:	0


Version:	3.12
CmdLine:	C:\Users\mecha\Documents\GitHub\Invited-Meeting-Scheduler\application\InvitedMeetingScheduler.exe --l4j-debug
WOW64:		yes
Working dir:	C:\Users\mecha\Documents\GitHub\Invited-Meeting-Scheduler\application\.
Java min ver:	1.008.000
Java max ver:	1.008.000_251
64-bit search:	SOFTWARE\JavaSoft\Java Runtime Environment...
Check:		SOFTWARE\JavaSoft\Java Runtime Environment\1.8
Check launcher:	C:\Program Files\Java\jre1.8.0_251\bin\javaw.exe (OK)
Match:		1.008.000
Check:		SOFTWARE\JavaSoft\Java Runtime Environment\1.8.0_251
Check launcher:	C:\Program Files\Java\jre1.8.0_251\bin\javaw.exe (OK)
Match:		1.008.000_251
64-bit search:	SOFTWARE\JavaSoft\Java Development Kit...
Check:		SOFTWARE\JavaSoft\Java Development Kit\1.8
Ignore:		1.008.000
Check:		SOFTWARE\JavaSoft\Java Development Kit\1.8.0_241
Ignore:		1.008.000_241
Check:		SOFTWARE\JavaSoft\Java Development Kit\1.8.0_251
Ignore:		1.008.000_251
64-bit search:	SOFTWARE\JavaSoft\JRE...
64-bit search:	SOFTWARE\JavaSoft\JDK...
Check:		SOFTWARE\JavaSoft\JDK\11.0.6
Ignore:		1.011.000_006
Check:		SOFTWARE\JavaSoft\JDK\14
Ignore:		1.014.000
Runtime used:	1.008.000_251 (64-bit)
Launcher:	C:\Program Files\Java\jre1.8.0_251\bin\javaw.exe
Launcher args:	-jar "C:\Users\mecha\Documents\GitHub\Invited-Meeting-Scheduler\application\InvitedMeetingScheduler.exe"
Args length:	104/32768 chars
Exit code:	0


Version:	3.12
CmdLine:	C:\Users\mecha\Documents\GitHub\Invited-Meeting-Scheduler\application\InvitedMeetingScheduler.exe --l4j-debug
WOW64:		yes
Working dir:	C:\Users\mecha\Documents\GitHub\Invited-Meeting-Scheduler\application\.
Java min ver:	1.008.000
Java max ver:	1.008.000_251
64-bit search:	SOFTWARE\JavaSoft\Java Runtime Environment...
Check:		SOFTWARE\JavaSoft\Java Runtime Environment\1.8
Check launcher:	C:\Program Files\Java\jre1.8.0_251\bin\javaw.exe (OK)
Match:		1.008.000
Check:		SOFTWARE\JavaSoft\Java Runtime Environment\1.8.0_251
Check launcher:	C:\Program Files\Java\jre1.8.0_251\bin\javaw.exe (OK)
Match:		1.008.000_251
64-bit search:	SOFTWARE\JavaSoft\Java Development Kit...
Check:		SOFTWARE\JavaSoft\Java Development Kit\1.8
Ignore:		1.008.000
Check:		SOFTWARE\JavaSoft\Java Development Kit\1.8.0_241
Ignore:		1.008.000_241
Check:		SOFTWARE\JavaSoft\Java Development Kit\1.8.0_251
Ignore:		1.008.000_251
64-bit search:	SOFTWARE\JavaSoft\JRE...
64-bit search:	SOFTWARE\JavaSoft\JDK...
Check:		SOFTWARE\JavaSoft\JDK\11.0.6
Ignore:		1.011.000_006
Check:		SOFTWARE\JavaSoft\JDK\14
Ignore:		1.014.000
Runtime used:	1.008.000_251 (64-bit)
Launcher:	C:\Program Files\Java\jre1.8.0_251\bin\javaw.exe
Launcher args:	-jar "C:\Users\mecha\Documents\GitHub\Invited-Meeting-Scheduler\application\InvitedMeetingScheduler.exe"
Args length:	104/32768 chars
Exit code:	0


Version:	3.12
CmdLine:	C:\Users\mecha\Documents\GitHub\Invited-Meeting-Scheduler\application\InvitedMeetingScheduler.exe --l4j-debug
WOW64:		yes
Working dir:	C:\Users\mecha\Documents\GitHub\Invited-Meeting-Scheduler\application\.
Java min ver:	1.008.000
Java max ver:	1.008.000_251
64-bit search:	SOFTWARE\JavaSoft\Java Runtime Environment...
Check:		SOFTWARE\JavaSoft\Java Runtime Environment\1.8
Check launcher:	C:\Program Files\Java\jre1.8.0_251\bin\javaw.exe (OK)
Match:		1.008.000
Check:		SOFTWARE\JavaSoft\Java Runtime Environment\1.8.0_251
Check launcher:	C:\Program Files\Java\jre1.8.0_251\bin\javaw.exe (OK)
Match:		1.008.000_251
64-bit search:	SOFTWARE\JavaSoft\Java Development Kit...
Check:		SOFTWARE\JavaSoft\Java Development Kit\1.8
Ignore:		1.008.000
Check:		SOFTWARE\JavaSoft\Java Development Kit\1.8.0_241
Ignore:		1.008.000_241
Check:		SOFTWARE\JavaSoft\Java Development Kit\1.8.0_251
Ignore:		1.008.000_251
64-bit search:	SOFTWARE\JavaSoft\JRE...
64-bit search:	SOFTWARE\JavaSoft\JDK...
Check:		SOFTWARE\JavaSoft\JDK\11.0.6
Ignore:		1.011.000_006
Check:		SOFTWARE\JavaSoft\JDK\14
Ignore:		1.014.000
Runtime used:	1.008.000_251 (64-bit)
Launcher:	C:\Program Files\Java\jre1.8.0_251\bin\javaw.exe
Launcher args:	-jar "C:\Users\mecha\Documents\GitHub\Invited-Meeting-Scheduler\application\InvitedMeetingScheduler.exe"
Args length:	104/32768 chars
Exit code:	0


Version:	3.12
CmdLine:	C:\Users\mecha\Documents\GitHub\Invited-Meeting-Scheduler\application\InvitedMeetingScheduler.exe --l4j-debug
WOW64:		yes
Working dir:	C:\Users\mecha\Documents\GitHub\Invited-Meeting-Scheduler\application\.
Java min ver:	1.008.000
Java max ver:	1.008.000_251
64-bit search:	SOFTWARE\JavaSoft\Java Runtime Environment...
Check:		SOFTWARE\JavaSoft\Java Runtime Environment\1.8
Check launcher:	C:\Program Files\Java\jre1.8.0_251\bin\javaw.exe (OK)
Match:		1.008.000
Check:		SOFTWARE\JavaSoft\Java Runtime Environment\1.8.0_251
Check launcher:	C:\Program Files\Java\jre1.8.0_251\bin\javaw.exe (OK)
Match:		1.008.000_251
64-bit search:	SOFTWARE\JavaSoft\Java Development Kit...
Check:		SOFTWARE\JavaSoft\Java Development Kit\1.8
Ignore:		1.008.000
Check:		SOFTWARE\JavaSoft\Java Development Kit\1.8.0_241
Ignore:		1.008.000_241
Check:		SOFTWARE\JavaSoft\Java Development Kit\1.8.0_251
Ignore:		1.008.000_251
64-bit search:	SOFTWARE\JavaSoft\JRE...
64-bit search:	SOFTWARE\JavaSoft\JDK...
Check:		SOFTWARE\JavaSoft\JDK\11.0.6
Ignore:		1.011.000_006
Check:		SOFTWARE\JavaSoft\JDK\14
Ignore:		1.014.000
Runtime used:	1.008.000_251 (64-bit)
Launcher:	C:\Program Files\Java\jre1.8.0_251\bin\javaw.exe
Launcher args:	-jar "C:\Users\mecha\Documents\GitHub\Invited-Meeting-Scheduler\application\InvitedMeetingScheduler.exe"
Args length:	104/32768 chars
Exit code:	0


Version:	3.12
CmdLine:	C:\Users\mecha\Documents\GitHub\Invited-Meeting-Scheduler\application\InvitedMeetingScheduler.exe --l4j-debug
WOW64:		yes
Working dir:	C:\Users\mecha\Documents\GitHub\Invited-Meeting-Scheduler\application\.
Java min ver:	1.008.000
Java max ver:	1.008.000_251
64-bit search:	SOFTWARE\JavaSoft\Java Runtime Environment...
Check:		SOFTWARE\JavaSoft\Java Runtime Environment\1.8
Check launcher:	C:\Program Files\Java\jre1.8.0_251\bin\javaw.exe (OK)
Match:		1.008.000
Check:		SOFTWARE\JavaSoft\Java Runtime Environment\1.8.0_251
Check launcher:	C:\Program Files\Java\jre1.8.0_251\bin\javaw.exe (OK)
Match:		1.008.000_251
64-bit search:	SOFTWARE\JavaSoft\Java Development Kit...
Check:		SOFTWARE\JavaSoft\Java Development Kit\1.8
Ignore:		1.008.000
Check:		SOFTWARE\JavaSoft\Java Development Kit\1.8.0_241
Ignore:		1.008.000_241
Check:		SOFTWARE\JavaSoft\Java Development Kit\1.8.0_251
Ignore:		1.008.000_251
64-bit search:	SOFTWARE\JavaSoft\JRE...
64-bit search:	SOFTWARE\JavaSoft\JDK...
Check:		SOFTWARE\JavaSoft\JDK\11.0.6
Ignore:		1.011.000_006
Check:		SOFTWARE\JavaSoft\JDK\14
Ignore:		1.014.000
Runtime used:	1.008.000_251 (64-bit)
Launcher:	C:\Program Files\Java\jre1.8.0_251\bin\javaw.exe
Launcher args:	-jar "C:\Users\mecha\Documents\GitHub\Invited-Meeting-Scheduler\application\InvitedMeetingScheduler.exe"
Args length:	104/32768 chars
Exit code:	0


Version:	3.12
CmdLine:	C:\Users\mecha\Documents\GitHub\Invited-Meeting-Scheduler\application\InvitedMeetingScheduler.exe --l4j-debug
WOW64:		yes
Working dir:	C:\Users\mecha\Documents\GitHub\Invited-Meeting-Scheduler\application\.
Java min ver:	1.008.000
Java max ver:	1.008.000_251
64-bit search:	SOFTWARE\JavaSoft\Java Runtime Environment...
Check:		SOFTWARE\JavaSoft\Java Runtime Environment\1.8
Check launcher:	C:\Program Files\Java\jre1.8.0_251\bin\javaw.exe (OK)
Match:		1.008.000
Check:		SOFTWARE\JavaSoft\Java Runtime Environment\1.8.0_251
Check launcher:	C:\Program Files\Java\jre1.8.0_251\bin\javaw.exe (OK)
Match:		1.008.000_251
64-bit search:	SOFTWARE\JavaSoft\Java Development Kit...
Check:		SOFTWARE\JavaSoft\Java Development Kit\1.8
Ignore:		1.008.000
Check:		SOFTWARE\JavaSoft\Java Development Kit\1.8.0_241
Ignore:		1.008.000_241
Check:		SOFTWARE\JavaSoft\Java Development Kit\1.8.0_251
Ignore:		1.008.000_251
64-bit search:	SOFTWARE\JavaSoft\JRE...
64-bit search:	SOFTWARE\JavaSoft\JDK...
Check:		SOFTWARE\JavaSoft\JDK\11.0.6
Ignore:		1.011.000_006
Check:		SOFTWARE\JavaSoft\JDK\14
Ignore:		1.014.000
Runtime used:	1.008.000_251 (64-bit)
Launcher:	C:\Program Files\Java\jre1.8.0_251\bin\javaw.exe
Launcher args:	-jar "C:\Users\mecha\Documents\GitHub\Invited-Meeting-Scheduler\application\InvitedMeetingScheduler.exe"
Args length:	104/32768 chars
Exit code:	0


Version:	3.12
CmdLine:	C:\Users\mecha\Documents\GitHub\Invited-Meeting-Scheduler\application\InvitedMeetingScheduler.exe --l4j-debug
WOW64:		yes
Working dir:	C:\Users\mecha\Documents\GitHub\Invited-Meeting-Scheduler\application\.
Java min ver:	1.008.000
Java max ver:	1.008.000_251
64-bit search:	SOFTWARE\JavaSoft\Java Runtime Environment...
Check:		SOFTWARE\JavaSoft\Java Runtime Environment\1.8
Check launcher:	C:\Program Files\Java\jre1.8.0_251\bin\javaw.exe (OK)
Match:		1.008.000
Check:		SOFTWARE\JavaSoft\Java Runtime Environment\1.8.0_251
Check launcher:	C:\Program Files\Java\jre1.8.0_251\bin\javaw.exe (OK)
Match:		1.008.000_251
64-bit search:	SOFTWARE\JavaSoft\Java Development Kit...
Check:		SOFTWARE\JavaSoft\Java Development Kit\1.8
Ignore:		1.008.000
Check:		SOFTWARE\JavaSoft\Java Development Kit\1.8.0_241
Ignore:		1.008.000_241
Check:		SOFTWARE\JavaSoft\Java Development Kit\1.8.0_251
Ignore:		1.008.000_251
64-bit search:	SOFTWARE\JavaSoft\JRE...
64-bit search:	SOFTWARE\JavaSoft\JDK...
Check:		SOFTWARE\JavaSoft\JDK\11.0.6
Ignore:		1.011.000_006
Check:		SOFTWARE\JavaSoft\JDK\14
Ignore:		1.014.000
Runtime used:	1.008.000_251 (64-bit)
Launcher:	C:\Program Files\Java\jre1.8.0_251\bin\javaw.exe
Launcher args:	-jar "C:\Users\mecha\Documents\GitHub\Invited-Meeting-Scheduler\application\InvitedMeetingScheduler.exe"
Args length:	104/32768 chars
Exit code:	0


Version:	3.12
CmdLine:	C:\Users\mecha\Documents\GitHub\Invited-Meeting-Scheduler\application\InvitedMeetingScheduler.exe --l4j-debug
WOW64:		yes
Working dir:	C:\Users\mecha\Documents\GitHub\Invited-Meeting-Scheduler\application\.
Java min ver:	1.008.000
Java max ver:	1.008.000_251
64-bit search:	SOFTWARE\JavaSoft\Java Runtime Environment...
Check:		SOFTWARE\JavaSoft\Java Runtime Environment\1.8
Check launcher:	C:\Program Files\Java\jre1.8.0_251\bin\javaw.exe (OK)
Match:		1.008.000
Check:		SOFTWARE\JavaSoft\Java Runtime Environment\1.8.0_251
Check launcher:	C:\Program Files\Java\jre1.8.0_251\bin\javaw.exe (OK)
Match:		1.008.000_251
64-bit search:	SOFTWARE\JavaSoft\Java Development Kit...
Check:		SOFTWARE\JavaSoft\Java Development Kit\1.8
Ignore:		1.008.000
Check:		SOFTWARE\JavaSoft\Java Development Kit\1.8.0_241
Ignore:		1.008.000_241
Check:		SOFTWARE\JavaSoft\Java Development Kit\1.8.0_251
Ignore:		1.008.000_251
64-bit search:	SOFTWARE\JavaSoft\JRE...
64-bit search:	SOFTWARE\JavaSoft\JDK...
Check:		SOFTWARE\JavaSoft\JDK\11.0.6
Ignore:		1.011.000_006
Check:		SOFTWARE\JavaSoft\JDK\14
Ignore:		1.014.000
Runtime used:	1.008.000_251 (64-bit)
Launcher:	C:\Program Files\Java\jre1.8.0_251\bin\javaw.exe
Launcher args:	-jar "C:\Users\mecha\Documents\GitHub\Invited-Meeting-Scheduler\application\InvitedMeetingScheduler.exe"
Args length:	104/32768 chars
Exit code:	0


Version:	3.12
CmdLine:	C:\Users\mecha\Documents\GitHub\Invited-Meeting-Scheduler\application\InvitedMeetingScheduler.exe --l4j-debug
WOW64:		yes
Working dir:	C:\Users\mecha\Documents\GitHub\Invited-Meeting-Scheduler\application\.
Java min ver:	1.008.000
Java max ver:	1.008.000_251
64-bit search:	SOFTWARE\JavaSoft\Java Runtime Environment...
Check:		SOFTWARE\JavaSoft\Java Runtime Environment\1.8
Check launcher:	C:\Program Files\Java\jre1.8.0_251\bin\javaw.exe (OK)
Match:		1.008.000
Check:		SOFTWARE\JavaSoft\Java Runtime Environment\1.8.0_251
Check launcher:	C:\Program Files\Java\jre1.8.0_251\bin\javaw.exe (OK)
Match:		1.008.000_251
64-bit search:	SOFTWARE\JavaSoft\Java Development Kit...
Check:		SOFTWARE\JavaSoft\Java Development Kit\1.8
Ignore:		1.008.000
Check:		SOFTWARE\JavaSoft\Java Development Kit\1.8.0_241
Ignore:		1.008.000_241
Check:		SOFTWARE\JavaSoft\Java Development Kit\1.8.0_251
Ignore:		1.008.000_251
64-bit search:	SOFTWARE\JavaSoft\JRE...
64-bit search:	SOFTWARE\JavaSoft\JDK...
Check:		SOFTWARE\JavaSoft\JDK\11.0.6
Ignore:		1.011.000_006
Check:		SOFTWARE\JavaSoft\JDK\14
Ignore:		1.014.000
Runtime used:	1.008.000_251 (64-bit)
Launcher:	C:\Program Files\Java\jre1.8.0_251\bin\javaw.exe
Launcher args:	-jar "C:\Users\mecha\Documents\GitHub\Invited-Meeting-Scheduler\application\InvitedMeetingScheduler.exe"
Args length:	104/32768 chars
Exit code:	0


Version:	3.12
CmdLine:	C:\Users\mecha\Documents\GitHub\Invited-Meeting-Scheduler\application\InvitedMeetingScheduler.exe --l4j-debug
WOW64:		yes
Working dir:	C:\Users\mecha\Documents\GitHub\Invited-Meeting-Scheduler\application\.
Java min ver:	1.008.000
Java max ver:	1.008.000_251
64-bit search:	SOFTWARE\JavaSoft\Java Runtime Environment...
Check:		SOFTWARE\JavaSoft\Java Runtime Environment\1.8
Check launcher:	C:\Program Files\Java\jre1.8.0_251\bin\javaw.exe (OK)
Match:		1.008.000
Check:		SOFTWARE\JavaSoft\Java Runtime Environment\1.8.0_251
Check launcher:	C:\Program Files\Java\jre1.8.0_251\bin\javaw.exe (OK)
Match:		1.008.000_251
64-bit search:	SOFTWARE\JavaSoft\Java Development Kit...
Check:		SOFTWARE\JavaSoft\Java Development Kit\1.8
Ignore:		1.008.000
Check:		SOFTWARE\JavaSoft\Java Development Kit\1.8.0_241
Ignore:		1.008.000_241
Check:		SOFTWARE\JavaSoft\Java Development Kit\1.8.0_251
Ignore:		1.008.000_251
64-bit search:	SOFTWARE\JavaSoft\JRE...
64-bit search:	SOFTWARE\JavaSoft\JDK...
Check:		SOFTWARE\JavaSoft\JDK\11.0.6
Ignore:		1.011.000_006
Check:		SOFTWARE\JavaSoft\JDK\14
Ignore:		1.014.000
Runtime used:	1.008.000_251 (64-bit)
Launcher:	C:\Program Files\Java\jre1.8.0_251\bin\javaw.exe
Launcher args:	-jar "C:\Users\mecha\Documents\GitHub\Invited-Meeting-Scheduler\application\InvitedMeetingScheduler.exe"
Args length:	104/32768 chars
Exit code:	0


Version:	3.12
CmdLine:	C:\Users\mecha\Documents\GitHub\Invited-Meeting-Scheduler\application\InvitedMeetingScheduler.exe --l4j-debug
WOW64:		yes
Working dir:	C:\Users\mecha\Documents\GitHub\Invited-Meeting-Scheduler\application\.
Java min ver:	1.008.000
Java max ver:	1.008.000_251
64-bit search:	SOFTWARE\JavaSoft\Java Runtime Environment...
Check:		SOFTWARE\JavaSoft\Java Runtime Environment\1.8
Check launcher:	C:\Program Files\Java\jre1.8.0_251\bin\javaw.exe (OK)
Match:		1.008.000
Check:		SOFTWARE\JavaSoft\Java Runtime Environment\1.8.0_251
Check launcher:	C:\Program Files\Java\jre1.8.0_251\bin\javaw.exe (OK)
Match:		1.008.000_251
64-bit search:	SOFTWARE\JavaSoft\Java Development Kit...
Check:		SOFTWARE\JavaSoft\Java Development Kit\1.8
Ignore:		1.008.000
Check:		SOFTWARE\JavaSoft\Java Development Kit\1.8.0_241
Ignore:		1.008.000_241
Check:		SOFTWARE\JavaSoft\Java Development Kit\1.8.0_251
Ignore:		1.008.000_251
64-bit search:	SOFTWARE\JavaSoft\JRE...
64-bit search:	SOFTWARE\JavaSoft\JDK...
Check:		SOFTWARE\JavaSoft\JDK\11.0.6
Ignore:		1.011.000_006
Check:		SOFTWARE\JavaSoft\JDK\14
Ignore:		1.014.000
Runtime used:	1.008.000_251 (64-bit)
Launcher:	C:\Program Files\Java\jre1.8.0_251\bin\javaw.exe
Launcher args:	-jar "C:\Users\mecha\Documents\GitHub\Invited-Meeting-Scheduler\application\InvitedMeetingScheduler.exe"
Args length:	104/32768 chars
Exit code:	0


Version:	3.12
CmdLine:	C:\Users\mecha\Documents\GitHub\Invited-Meeting-Scheduler\application\InvitedMeetingScheduler.exe --l4j-debug
WOW64:		yes
Working dir:	C:\Users\mecha\Documents\GitHub\Invited-Meeting-Scheduler\application\.
Java min ver:	1.008.000
Java max ver:	1.008.000_251
64-bit search:	SOFTWARE\JavaSoft\Java Runtime Environment...
Check:		SOFTWARE\JavaSoft\Java Runtime Environment\1.8
Check launcher:	C:\Program Files\Java\jre1.8.0_251\bin\javaw.exe (OK)
Match:		1.008.000
Check:		SOFTWARE\JavaSoft\Java Runtime Environment\1.8.0_251
Check launcher:	C:\Program Files\Java\jre1.8.0_251\bin\javaw.exe (OK)
Match:		1.008.000_251
64-bit search:	SOFTWARE\JavaSoft\Java Development Kit...
Check:		SOFTWARE\JavaSoft\Java Development Kit\1.8
Ignore:		1.008.000
Check:		SOFTWARE\JavaSoft\Java Development Kit\1.8.0_241
Ignore:		1.008.000_241
Check:		SOFTWARE\JavaSoft\Java Development Kit\1.8.0_251
Ignore:		1.008.000_251
64-bit search:	SOFTWARE\JavaSoft\JRE...
64-bit search:	SOFTWARE\JavaSoft\JDK...
Check:		SOFTWARE\JavaSoft\JDK\11.0.6
Ignore:		1.011.000_006
Check:		SOFTWARE\JavaSoft\JDK\14
Ignore:		1.014.000
Runtime used:	1.008.000_251 (64-bit)
Launcher:	C:\Program Files\Java\jre1.8.0_251\bin\javaw.exe
Launcher args:	-jar "C:\Users\mecha\Documents\GitHub\Invited-Meeting-Scheduler\application\InvitedMeetingScheduler.exe"
Args length:	104/32768 chars
Exit code:	0


Version:	3.12
CmdLine:	C:\Users\mecha\Documents\GitHub\Invited-Meeting-Scheduler\application\InvitedMeetingScheduler.exe --l4j-debug
WOW64:		yes
Working dir:	C:\Users\mecha\Documents\GitHub\Invited-Meeting-Scheduler\application\.
Java min ver:	1.008.000
Java max ver:	1.008.000_251
64-bit search:	SOFTWARE\JavaSoft\Java Runtime Environment...
Check:		SOFTWARE\JavaSoft\Java Runtime Environment\1.8
Check launcher:	C:\Program Files\Java\jre1.8.0_251\bin\javaw.exe (OK)
Match:		1.008.000
Check:		SOFTWARE\JavaSoft\Java Runtime Environment\1.8.0_251
Check launcher:	C:\Program Files\Java\jre1.8.0_251\bin\javaw.exe (OK)
Match:		1.008.000_251
64-bit search:	SOFTWARE\JavaSoft\Java Development Kit...
Check:		SOFTWARE\JavaSoft\Java Development Kit\1.8
Ignore:		1.008.000
Check:		SOFTWARE\JavaSoft\Java Development Kit\1.8.0_241
Ignore:		1.008.000_241
Check:		SOFTWARE\JavaSoft\Java Development Kit\1.8.0_251
Ignore:		1.008.000_251
64-bit search:	SOFTWARE\JavaSoft\JRE...
64-bit search:	SOFTWARE\JavaSoft\JDK...
Check:		SOFTWARE\JavaSoft\JDK\11.0.6
Ignore:		1.011.000_006
Check:		SOFTWARE\JavaSoft\JDK\14
Ignore:		1.014.000
Runtime used:	1.008.000_251 (64-bit)
Launcher:	C:\Program Files\Java\jre1.8.0_251\bin\javaw.exe
Launcher args:	-jar "C:\Users\mecha\Documents\GitHub\Invited-Meeting-Scheduler\application\InvitedMeetingScheduler.exe"
Args length:	104/32768 chars
Exit code:	0
